Using pre-set license
Built from '2020.3/staging' branch; Version is '2020.3.26f1 (7298b473bc1a) revision 7510196'; Using compiler version '192528614'; Build Type 'Release'
OS: 'Windows 10  (10.0.19045) 64bit Professional' Language: 'en' Physical Memory: 8127 MB
BatchMode: 1, IsHumanControllingUs: 0, StartBugReporterOnCrash: 0, Is64bit: 1, IsPro: 0

COMMAND LINE ARGUMENTS:
C:\Program Files\Unity\Hub\Editor\2020.3.26f1\Editor\Unity.exe
-adb2
-batchMode
-noUpm
-name
AssetImportWorker4
-projectPath
F:/MCA_Project/Jump_n_run
-logFile
Logs/AssetImportWorker4.log
-srvPort
50141
Successfully changed project path to: F:/MCA_Project/Jump_n_run
F:/MCA_Project/Jump_n_run
Using Asset Import Pipeline V2.
Refreshing native plugins compatible for Editor in 53.99 ms, found 3 plugins.
Preloading 0 native plugins for Editor in 0.00 ms.
Initialize engine version: 2020.3.26f1 (7298b473bc1a)
[Subsystems] Discovering subsystems at path C:/Program Files/Unity/Hub/Editor/2020.3.26f1/Editor/Data/Resources/UnitySubsystems
[Subsystems] Discovering subsystems at path F:/MCA_Project/Jump_n_run/Assets
GfxDevice: creating device client; threaded=0
Direct3D:
    Version:  Direct3D 11.0 [level 11.0]
    Renderer: NVIDIA GeForce GT 730 (ID=0x1287)
    Vendor:   
    VRAM:     4052 MB
    Driver:   27.21.14.5671
Initialize mono
Mono path[0] = 'C:/Program Files/Unity/Hub/Editor/2020.3.26f1/Editor/Data/Managed'
Mono path[1] = 'C:/Program Files/Unity/Hub/Editor/2020.3.26f1/Editor/Data/MonoBleedingEdge/lib/mono/unityjit'
Mono config path = 'C:/Program Files/Unity/Hub/Editor/2020.3.26f1/Editor/Data/MonoBleedingEdge/etc'
Using monoOptions --debugger-agent=transport=dt_socket,embedding=1,server=y,suspend=n,address=127.0.0.1:56136
Begin MonoManager ReloadAssembly
Registering precompiled unity dll's ...
Register platform support module: C:/Program Files/Unity/Hub/Editor/2020.3.26f1/Editor/Data/PlaybackEngines/WindowsStandaloneSupport/UnityEditor.WindowsStandalone.Extensions.dll
Registered in 0.001889 seconds.
Native extension for WindowsStandalone target not found
Refreshing native plugins compatible for Editor in 52.98 ms, found 3 plugins.
Preloading 0 native plugins for Editor in 0.00 ms.
Mono: successfully reloaded assembly
- Completed reload, in  0.577 seconds
Domain Reload Profiling:
	ReloadAssembly (578ms)
		BeginReloadAssembly (53ms)
			ExecutionOrderSort (0ms)
			DisableScriptedObjects (0ms)
			BackupInstance (0ms)
			ReleaseScriptingObjects (0ms)
			CreateAndSetChildDomain (1ms)
		EndReloadAssembly (454ms)
			LoadAssemblies (51ms)
			RebuildTransferFunctionScriptingTraits (0ms)
			SetupTypeCache (149ms)
			ReleaseScriptCaches (0ms)
			RebuildScriptCaches (32ms)
			SetupLoadedEditorAssemblies (174ms)
				LogAssemblyErrors (0ms)
				InitializePlatformSupportModulesInManaged (4ms)
				SetLoadedEditorAssemblies (0ms)
				RefreshPlugins (53ms)
				BeforeProcessingInitializeOnLoad (16ms)
				ProcessInitializeOnLoadAttributes (74ms)
				ProcessInitializeOnLoadMethodAttributes (26ms)
				AfterProcessingInitializeOnLoad (0ms)
				EditorAssembliesLoaded (0ms)
			ExecutionOrderSort2 (0ms)
			AwakeInstancesAfterBackupRestoration (0ms)
Platform modules already initialized, skipping
Registering precompiled user dll's ...
Registered in 0.003208 seconds.
Begin MonoManager ReloadAssembly
Native extension for WindowsStandalone target not found
Refreshing native plugins compatible for Editor in 57.83 ms, found 3 plugins.
Preloading 0 native plugins for Editor in 0.00 ms.
Mono: successfully reloaded assembly
- Completed reload, in  8.135 seconds
Domain Reload Profiling:
	ReloadAssembly (8141ms)
		BeginReloadAssembly (137ms)
			ExecutionOrderSort (0ms)
			DisableScriptedObjects (5ms)
			BackupInstance (0ms)
			ReleaseScriptingObjects (0ms)
			CreateAndSetChildDomain (18ms)
		EndReloadAssembly (7945ms)
			LoadAssemblies (4608ms)
			RebuildTransferFunctionScriptingTraits (0ms)
			SetupTypeCache (1346ms)
			ReleaseScriptCaches (0ms)
			RebuildScriptCaches (61ms)
			SetupLoadedEditorAssemblies (1788ms)
				LogAssemblyErrors (0ms)
				InitializePlatformSupportModulesInManaged (5ms)
				SetLoadedEditorAssemblies (0ms)
				RefreshPlugins (58ms)
				BeforeProcessingInitializeOnLoad (88ms)
				ProcessInitializeOnLoadAttributes (594ms)
				ProcessInitializeOnLoadMethodAttributes (1036ms)
				AfterProcessingInitializeOnLoad (7ms)
				EditorAssembliesLoaded (0ms)
			ExecutionOrderSort2 (0ms)
			AwakeInstancesAfterBackupRestoration (7ms)
Platform modules already initialized, skipping
========================================================================
Worker process is ready to serve import requests
Launched and connected shader compiler UnityShaderCompiler.exe after 0.13 seconds
Refreshing native plugins compatible for Editor in 0.59 ms, found 3 plugins.
Preloading 0 native plugins for Editor in 0.00 ms.
Unloading 2528 Unused Serialized files (Serialized files now loaded: 0)
System memory in use before: 113.7 MB.
System memory in use after: 113.9 MB.

Unloading 29 unused Assets to reduce memory usage. Loaded Objects now: 2963.
Total: 3.411800 ms (FindLiveObjects: 0.268600 ms CreateObjectMapping: 0.127400 ms MarkObjects: 2.936900 ms  DeleteObjects: 0.077900 ms)

AssetImportParameters requested are different than current active one (requested -> active):
  custom:framework-win-MediaFoundation: 216162199b28c13a410421893ffa2e32 -> 
  custom:video-decoder-ogg-theora: a1e56fd34408186e4bbccfd4996cb3dc -> 
  custom:container-muxer-webm: aa71ff27fc2769a1b78a27578f13a17b -> 
  custom:container-demuxer-webm: 4f35f7cbe854078d1ac9338744f61a02 -> 
  custom:container-demuxer-ogg: 62fdf1f143b41e24485cea50d1cbac27 -> 
  custom:video-encoder-webm-vp8: eb34c28f22e8b96e1ab97ce403110664 -> 
  custom:video-decoder-webm-vp8: 9c59270c3fd7afecdb556c50c9e8de78 -> 
  custom:audio-decoder-ogg-vorbis: bf7c407c2cedff20999df2af8eb42d56 -> 
  custom:audio-encoder-webm-vorbis: bf7c407c2cedff20999df2af8eb42d56 -> 
========================================================================
Received Import Request.
  path: Assets/Scripts/PlayerController/Playercontroller.cs
  artifactKey: Guid(2e86596fea1ba1246b67e4627fe46c5a) Importer(815301076,1909f56bfc062723c751e8b465ee728b)
Start importing Assets/Scripts/PlayerController/Playercontroller.cs using Guid(2e86596fea1ba1246b67e4627fe46c5a) Importer(815301076,1909f56bfc062723c751e8b465ee728b)  -> (artifact id: '2407d50a507c5db47ae72a1a8551bb4c') in 0.153374 seconds 
  Import took 0.158715 seconds .

========================================================================
Received Import Request.
  Time since last request: 0.000259 seconds.
  path: Assets/Scenes/Level1.unity
  artifactKey: Guid(875419723ee347245996a402e64ad8fa) Importer(815301076,1909f56bfc062723c751e8b465ee728b)
Start importing Assets/Scenes/Level1.unity using Guid(875419723ee347245996a402e64ad8fa) Importer(815301076,1909f56bfc062723c751e8b465ee728b)  -> (artifact id: 'ccf57866924926306b9ce7d865c5d9f0') in 0.016618 seconds 
  Import took 0.020415 seconds .

========================================================================
Received Import Request.
  Time since last request: 152.047133 seconds.
  path: Assets/TilePalette/ForegrounTileset/Tileset_Alien_CeilingCornerOuterLeft.asset
  artifactKey: Guid(346fae53ea42a5f4b9e9b89069faae50) Importer(815301076,1909f56bfc062723c751e8b465ee728b)
Start importing Assets/TilePalette/ForegrounTileset/Tileset_Alien_CeilingCornerOuterLeft.asset using Guid(346fae53ea42a5f4b9e9b89069faae50) Importer(815301076,1909f56bfc062723c751e8b465ee728b)  -> (artifact id: '3079adf20d37596740e98d66ce7a1f14') in 0.728713 seconds 
  Import took 0.770900 seconds .

========================================================================
Received Import Request.
  Time since last request: 0.000420 seconds.
  path: Assets/TilePalette/ForegrounTileset/Tileset_Alien_Floor1.asset
  artifactKey: Guid(2fccacb3d43ad5e45ad9eeaf96db498a) Importer(815301076,1909f56bfc062723c751e8b465ee728b)
Start importing Assets/TilePalette/ForegrounTileset/Tileset_Alien_Floor1.asset using Guid(2fccacb3d43ad5e45ad9eeaf96db498a) Importer(815301076,1909f56bfc062723c751e8b465ee728b)  -> (artifact id: '69e74bb61b6c3a0a2041e91214ce7469') in 0.108153 seconds 
  Import took 0.132413 seconds .

========================================================================
Received Import Request.
  Time since last request: 0.000244 seconds.
  path: Assets/TilePalette/ForegrounTileset/Tileset_Alien_Floor6.asset
  artifactKey: Guid(526f4866bc932604694bb9ccca53a077) Importer(815301076,1909f56bfc062723c751e8b465ee728b)
Start importing Assets/TilePalette/ForegrounTileset/Tileset_Alien_Floor6.asset using Guid(526f4866bc932604694bb9ccca53a077) Importer(815301076,1909f56bfc062723c751e8b465ee728b)  -> (artifact id: 'e13b92dc037efd4e1df8361f3d7ecc76') in 0.119000 seconds 
  Import took 0.151881 seconds .

========================================================================
Received Import Request.
  Time since last request: 0.000307 seconds.
  path: Assets/TilePalette/ForegrounTileset/Tileset_Alien_WallLeft2.asset
  artifactKey: Guid(d300a9c5817b66e4fa0f2105936cdf46) Importer(815301076,1909f56bfc062723c751e8b465ee728b)
Start importing Assets/TilePalette/ForegrounTileset/Tileset_Alien_WallLeft2.asset using Guid(d300a9c5817b66e4fa0f2105936cdf46) Importer(815301076,1909f56bfc062723c751e8b465ee728b)  -> (artifact id: '0af8f5ccd8ab1d64e86d2cee9df638c2') in 0.082381 seconds 
  Import took 0.095968 seconds .

========================================================================
Received Import Request.
  Time since last request: 0.000179 seconds.
  path: Assets/TilePalette/ForegrounTileset/Tileset_Alien_Floor4.asset
  artifactKey: Guid(4babba0d1673ca84fa07c1c38aaf0939) Importer(815301076,1909f56bfc062723c751e8b465ee728b)
Start importing Assets/TilePalette/ForegrounTileset/Tileset_Alien_Floor4.asset using Guid(4babba0d1673ca84fa07c1c38aaf0939) Importer(815301076,1909f56bfc062723c751e8b465ee728b)  -> (artifact id: 'acefd0be9b3143ad529ce4ba00dd3dfd') in 0.082701 seconds 
  Import took 0.102834 seconds .

========================================================================
Received Import Request.
  Time since last request: 0.000430 seconds.
  path: Assets/TilePalette/ForegrounTileset/Tileset_Alien_FloorSingleBlock2.asset
  artifactKey: Guid(130211c517c28bc47900e8080783d2d9) Importer(815301076,1909f56bfc062723c751e8b465ee728b)
Start importing Assets/TilePalette/ForegrounTileset/Tileset_Alien_FloorSingleBlock2.asset using Guid(130211c517c28bc47900e8080783d2d9) Importer(815301076,1909f56bfc062723c751e8b465ee728b)  -> (artifact id: '6b97053828ddb36e17b894ea6be7ae61') in 0.083253 seconds 
  Import took 0.095667 seconds .

========================================================================
Received Import Request.
  Time since last request: 0.000259 seconds.
  path: Assets/TilePalette/ForegrounTileset/Tileset_Alien_Fill0.asset
  artifactKey: Guid(f6cee32f93893b64eb8e70827e4d2951) Importer(815301076,1909f56bfc062723c751e8b465ee728b)
Start importing Assets/TilePalette/ForegrounTileset/Tileset_Alien_Fill0.asset using Guid(f6cee32f93893b64eb8e70827e4d2951) Importer(815301076,1909f56bfc062723c751e8b465ee728b)  -> (artifact id: 'a71b90ab706fae85b9ec055992e7d96f') in 0.083190 seconds 
  Import took 0.093626 seconds .

========================================================================
Received Import Request.
  Time since last request: 0.000292 seconds.
  path: Assets/TilePalette/ForegrounTileset/Tileset_Alien_Floor0.asset
  artifactKey: Guid(ae38600a317b47f44b4e2ccf45b152c8) Importer(815301076,1909f56bfc062723c751e8b465ee728b)
Start importing Assets/TilePalette/ForegrounTileset/Tileset_Alien_Floor0.asset using Guid(ae38600a317b47f44b4e2ccf45b152c8) Importer(815301076,1909f56bfc062723c751e8b465ee728b)  -> (artifact id: '03859b70b1554a4f1306db40e4ec4f46') in 0.076227 seconds 
  Import took 0.105174 seconds .

========================================================================
Received Import Request.
  Time since last request: 0.000463 seconds.
  path: Assets/TilePalette/ForegrounTileset/Tileset_Alien_Floor2.asset
  artifactKey: Guid(06461b1cddf236f4dac3879b9f0fe341) Importer(815301076,1909f56bfc062723c751e8b465ee728b)
Start importing Assets/TilePalette/ForegrounTileset/Tileset_Alien_Floor2.asset using Guid(06461b1cddf236f4dac3879b9f0fe341) Importer(815301076,1909f56bfc062723c751e8b465ee728b)  -> (artifact id: '01ccb67fb560149d76b16afdd19e8a27') in 0.083692 seconds 
  Import took 0.096483 seconds .

========================================================================
Received Import Request.
  Time since last request: 0.000266 seconds.
  path: Assets/TilePalette/ForegrounTileset/Tileset_Alien_Fill3.asset
  artifactKey: Guid(ab247eff2905bf942be3ed4978c039d3) Importer(815301076,1909f56bfc062723c751e8b465ee728b)
Start importing Assets/TilePalette/ForegrounTileset/Tileset_Alien_Fill3.asset using Guid(ab247eff2905bf942be3ed4978c039d3) Importer(815301076,1909f56bfc062723c751e8b465ee728b)  -> (artifact id: '739f1d6b55e1d7e30126a1697455bba7') in 0.088859 seconds 
  Import took 0.136741 seconds .

========================================================================
Received Import Request.
  Time since last request: 0.000411 seconds.
  path: Assets/TilePalette/ForegrounTileset/Tileset_Alien_Fill5.asset
  artifactKey: Guid(bda6aa5ffd3cc984ea228443d5e990ef) Importer(815301076,1909f56bfc062723c751e8b465ee728b)
Start importing Assets/TilePalette/ForegrounTileset/Tileset_Alien_Fill5.asset using Guid(bda6aa5ffd3cc984ea228443d5e990ef) Importer(815301076,1909f56bfc062723c751e8b465ee728b)  -> (artifact id: 'ccad6d41a787ee97f81800b38033defc') in 0.103872 seconds 
  Import took 0.120573 seconds .

========================================================================
Received Import Request.
  Time since last request: 0.000321 seconds.
  path: Assets/TilePalette/ForegrounTileset/Tileset_Alien_Fill2.asset
  artifactKey: Guid(30e6df9ad238e184fb1a6af655ae6d23) Importer(815301076,1909f56bfc062723c751e8b465ee728b)
Start importing Assets/TilePalette/ForegrounTileset/Tileset_Alien_Fill2.asset using Guid(30e6df9ad238e184fb1a6af655ae6d23) Importer(815301076,1909f56bfc062723c751e8b465ee728b)  -> (artifact id: '4e06f9cd16fe28384ea9118abe9d10aa') in 0.087058 seconds 
  Import took 0.116930 seconds .

========================================================================
Received Import Request.
  Time since last request: 4.751978 seconds.
  path: Assets/TilePalette/BackgroundTileset/TilesetRock_WaterBlockers_2.asset
  artifactKey: Guid(f6df9865a003b1b46bab3eb11ed5879f) Importer(815301076,1909f56bfc062723c751e8b465ee728b)
Start importing Assets/TilePalette/BackgroundTileset/TilesetRock_WaterBlockers_2.asset using Guid(f6df9865a003b1b46bab3eb11ed5879f) Importer(815301076,1909f56bfc062723c751e8b465ee728b)  -> (artifact id: '9b9cfe9693ebcff2b570af3780aa869d') in 0.047869 seconds 
  Import took 0.065319 seconds .

========================================================================
Received Import Request.
  Time since last request: 2.349078 seconds.
  path: Assets/TilePalette/MidgroundTileset/Tileset_Rock_Fill1.asset
  artifactKey: Guid(ab79110705adecd43906c77a302e30b3) Importer(815301076,1909f56bfc062723c751e8b465ee728b)
Start importing Assets/TilePalette/MidgroundTileset/Tileset_Rock_Fill1.asset using Guid(ab79110705adecd43906c77a302e30b3) Importer(815301076,1909f56bfc062723c751e8b465ee728b)  -> (artifact id: 'a8fa4be2a07d979df0e37c42a4907ce3') in 0.555968 seconds 
  Import took 0.570595 seconds .

========================================================================
Received Import Request.
  Time since last request: 0.000222 seconds.
  path: Assets/TilePalette/MidgroundTileset/Tileset_Rock_WallLeftCeilingCorner0.asset
  artifactKey: Guid(7b2565f8a8c3f504f8cb4618b279b139) Importer(815301076,1909f56bfc062723c751e8b465ee728b)
Start importing Assets/TilePalette/MidgroundTileset/Tileset_Rock_WallLeftCeilingCorner0.asset using Guid(7b2565f8a8c3f504f8cb4618b279b139) Importer(815301076,1909f56bfc062723c751e8b465ee728b)  -> (artifact id: 'c05a28547f9a68095a2d74c0815e71a8') in 0.116794 seconds 
  Import took 0.144963 seconds .

========================================================================
Received Import Request.
  Time since last request: 0.000271 seconds.
  path: Assets/TilePalette/MidgroundTileset/Tileset_Rock_FloorCornerInnerLeft1.asset
  artifactKey: Guid(668060bea9d2b9f46b3ddb87ca5a2682) Importer(815301076,1909f56bfc062723c751e8b465ee728b)
Start importing Assets/TilePalette/MidgroundTileset/Tileset_Rock_FloorCornerInnerLeft1.asset using Guid(668060bea9d2b9f46b3ddb87ca5a2682) Importer(815301076,1909f56bfc062723c751e8b465ee728b)  -> (artifact id: 'b9cabb58f1da5fd75fde5a91bf156c79') in 0.080685 seconds 
  Import took 0.101397 seconds .

========================================================================
Received Import Request.
  Time since last request: 0.000238 seconds.
  path: Assets/TilePalette/MidgroundTileset/Tileset_Rock_FloorCornerInnerRight1.asset
  artifactKey: Guid(3ee5d39ae2eee444ea639f6eebae0c7f) Importer(815301076,1909f56bfc062723c751e8b465ee728b)
Start importing Assets/TilePalette/MidgroundTileset/Tileset_Rock_FloorCornerInnerRight1.asset using Guid(3ee5d39ae2eee444ea639f6eebae0c7f) Importer(815301076,1909f56bfc062723c751e8b465ee728b)  -> (artifact id: 'aca818a674368a5359673510f9c4fb34') in 0.080285 seconds 
  Import took 0.087320 seconds .

========================================================================
Received Import Request.
  Time since last request: 0.000238 seconds.
  path: Assets/TilePalette/MidgroundTileset/Tileset_Rock_FloorCornerInnerRight0.asset
  artifactKey: Guid(69dec63bc1394004e84bf37ea984056c) Importer(815301076,1909f56bfc062723c751e8b465ee728b)
Start importing Assets/TilePalette/MidgroundTileset/Tileset_Rock_FloorCornerInnerRight0.asset using Guid(69dec63bc1394004e84bf37ea984056c) Importer(815301076,1909f56bfc062723c751e8b465ee728b)  -> (artifact id: '9da286fc8268549898d1954927ff40a6') in 0.078078 seconds 
  Import took 0.085739 seconds .

========================================================================
Received Prepare
Registering precompiled user dll's ...
Registered in 0.085306 seconds.
Begin MonoManager ReloadAssembly
Native extension for WindowsStandalone target not found
Refreshing native plugins compatible for Editor in 0.56 ms, found 3 plugins.
Preloading 0 native plugins for Editor in 0.00 ms.
Mono: successfully reloaded assembly
- Completed reload, in  0.996 seconds
Domain Reload Profiling:
	ReloadAssembly (996ms)
		BeginReloadAssembly (107ms)
			ExecutionOrderSort (0ms)
			DisableScriptedObjects (6ms)
			BackupInstance (0ms)
			ReleaseScriptingObjects (0ms)
			CreateAndSetChildDomain (35ms)
		EndReloadAssembly (831ms)
			LoadAssemblies (88ms)
			RebuildTransferFunctionScriptingTraits (0ms)
			SetupTypeCache (300ms)
			ReleaseScriptCaches (1ms)
			RebuildScriptCaches (44ms)
			SetupLoadedEditorAssemblies (304ms)
				LogAssemblyErrors (0ms)
				InitializePlatformSupportModulesInManaged (4ms)
				SetLoadedEditorAssemblies (1ms)
				RefreshPlugins (1ms)
				BeforeProcessingInitializeOnLoad (82ms)
				ProcessInitializeOnLoadAttributes (200ms)
				ProcessInitializeOnLoadMethodAttributes (10ms)
				AfterProcessingInitializeOnLoad (6ms)
				EditorAssembliesLoaded (0ms)
			ExecutionOrderSort2 (0ms)
			AwakeInstancesAfterBackupRestoration (8ms)
Platform modules already initialized, skipping
Refreshing native plugins compatible for Editor in 0.58 ms, found 3 plugins.
Preloading 0 native plugins for Editor in 0.00 ms.
Unloading 2475 Unused Serialized files (Serialized files now loaded: 0)
System memory in use before: 112.0 MB.
System memory in use after: 112.2 MB.

Unloading 18 unused Assets to reduce memory usage. Loaded Objects now: 2969.
Total: 3.156200 ms (FindLiveObjects: 0.204800 ms CreateObjectMapping: 0.109600 ms MarkObjects: 2.824400 ms  DeleteObjects: 0.016600 ms)

AssetImportParameters requested are different than current active one (requested -> active):
  custom:framework-win-MediaFoundation: 216162199b28c13a410421893ffa2e32 -> 
  custom:video-decoder-ogg-theora: a1e56fd34408186e4bbccfd4996cb3dc -> 
  custom:container-muxer-webm: aa71ff27fc2769a1b78a27578f13a17b -> 
  custom:container-demuxer-webm: 4f35f7cbe854078d1ac9338744f61a02 -> 
  custom:container-demuxer-ogg: 62fdf1f143b41e24485cea50d1cbac27 -> 
  custom:video-encoder-webm-vp8: eb34c28f22e8b96e1ab97ce403110664 -> 
  custom:video-decoder-webm-vp8: 9c59270c3fd7afecdb556c50c9e8de78 -> 
  custom:audio-decoder-ogg-vorbis: bf7c407c2cedff20999df2af8eb42d56 -> 
  custom:audio-encoder-webm-vorbis: bf7c407c2cedff20999df2af8eb42d56 -> 
========================================================================
Received Import Request.
  Time since last request: 647.025917 seconds.
  path: ProjectSettings/TagManager.asset
  artifactKey: Guid(00000000000000003000000000000000) Importer(815301076,1909f56bfc062723c751e8b465ee728b)
Start importing ProjectSettings/TagManager.asset using Guid(00000000000000003000000000000000) Importer(815301076,1909f56bfc062723c751e8b465ee728b)  -> (artifact id: 'd7dc745e7eda8f2a44cca178118697b5') in 0.024741 seconds 
  Import took 0.029390 seconds .

========================================================================
Received Prepare
Registering precompiled user dll's ...
Registered in 0.003166 seconds.
Begin MonoManager ReloadAssembly
Native extension for WindowsStandalone target not found
Refreshing native plugins compatible for Editor in 0.76 ms, found 3 plugins.
Preloading 0 native plugins for Editor in 0.00 ms.
Mono: successfully reloaded assembly
- Completed reload, in  1.128 seconds
Domain Reload Profiling:
	ReloadAssembly (1129ms)
		BeginReloadAssembly (108ms)
			ExecutionOrderSort (0ms)
			DisableScriptedObjects (6ms)
			BackupInstance (0ms)
			ReleaseScriptingObjects (0ms)
			CreateAndSetChildDomain (35ms)
		EndReloadAssembly (961ms)
			LoadAssemblies (93ms)
			RebuildTransferFunctionScriptingTraits (0ms)
			SetupTypeCache (313ms)
			ReleaseScriptCaches (1ms)
			RebuildScriptCaches (45ms)
			SetupLoadedEditorAssemblies (391ms)
				LogAssemblyErrors (0ms)
				InitializePlatformSupportModulesInManaged (4ms)
				SetLoadedEditorAssemblies (0ms)
				RefreshPlugins (1ms)
				BeforeProcessingInitializeOnLoad (86ms)
				ProcessInitializeOnLoadAttributes (257ms)
				ProcessInitializeOnLoadMethodAttributes (32ms)
				AfterProcessingInitializeOnLoad (10ms)
				EditorAssembliesLoaded (0ms)
			ExecutionOrderSort2 (0ms)
			AwakeInstancesAfterBackupRestoration (10ms)
Platform modules already initialized, skipping
Refreshing native plugins compatible for Editor in 0.73 ms, found 3 plugins.
Preloading 0 native plugins for Editor in 0.00 ms.
Unloading 2475 Unused Serialized files (Serialized files now loaded: 0)
System memory in use before: 112.0 MB.
System memory in use after: 112.2 MB.

Unloading 19 unused Assets to reduce memory usage. Loaded Objects now: 2971.
Total: 5.126400 ms (FindLiveObjects: 0.333500 ms CreateObjectMapping: 0.547900 ms MarkObjects: 4.215900 ms  DeleteObjects: 0.027500 ms)

AssetImportParameters requested are different than current active one (requested -> active):
  custom:framework-win-MediaFoundation: 216162199b28c13a410421893ffa2e32 -> 
  custom:video-decoder-ogg-theora: a1e56fd34408186e4bbccfd4996cb3dc -> 
  custom:container-muxer-webm: aa71ff27fc2769a1b78a27578f13a17b -> 
  custom:container-demuxer-webm: 4f35f7cbe854078d1ac9338744f61a02 -> 
  custom:container-demuxer-ogg: 62fdf1f143b41e24485cea50d1cbac27 -> 
  custom:video-encoder-webm-vp8: eb34c28f22e8b96e1ab97ce403110664 -> 
  custom:video-decoder-webm-vp8: 9c59270c3fd7afecdb556c50c9e8de78 -> 
  custom:audio-decoder-ogg-vorbis: bf7c407c2cedff20999df2af8eb42d56 -> 
  custom:audio-encoder-webm-vorbis: bf7c407c2cedff20999df2af8eb42d56 -> 
========================================================================
Received Prepare
Registering precompiled user dll's ...
Registered in 0.039021 seconds.
Begin MonoManager ReloadAssembly
Native extension for WindowsStandalone target not found
Refreshing native plugins compatible for Editor in 0.68 ms, found 3 plugins.
Preloading 0 native plugins for Editor in 0.00 ms.
Mono: successfully reloaded assembly
- Completed reload, in  2.873 seconds
Domain Reload Profiling:
	ReloadAssembly (2873ms)
		BeginReloadAssembly (115ms)
			ExecutionOrderSort (0ms)
			DisableScriptedObjects (7ms)
			BackupInstance (0ms)
			ReleaseScriptingObjects (0ms)
			CreateAndSetChildDomain (34ms)
		EndReloadAssembly (2701ms)
			LoadAssemblies (1907ms)
			RebuildTransferFunctionScriptingTraits (0ms)
			SetupTypeCache (289ms)
			ReleaseScriptCaches (1ms)
			RebuildScriptCaches (44ms)
			SetupLoadedEditorAssemblies (364ms)
				LogAssemblyErrors (0ms)
				InitializePlatformSupportModulesInManaged (4ms)
				SetLoadedEditorAssemblies (0ms)
				RefreshPlugins (1ms)
				BeforeProcessingInitializeOnLoad (79ms)
				ProcessInitializeOnLoadAttributes (257ms)
				ProcessInitializeOnLoadMethodAttributes (16ms)
				AfterProcessingInitializeOnLoad (7ms)
				EditorAssembliesLoaded (0ms)
			ExecutionOrderSort2 (0ms)
			AwakeInstancesAfterBackupRestoration (9ms)
Platform modules already initialized, skipping
Refreshing native plugins compatible for Editor in 0.58 ms, found 3 plugins.
Preloading 0 native plugins for Editor in 0.00 ms.
Unloading 2475 Unused Serialized files (Serialized files now loaded: 0)
System memory in use before: 112.0 MB.
System memory in use after: 112.3 MB.

Unloading 18 unused Assets to reduce memory usage. Loaded Objects now: 2973.
Total: 3.187200 ms (FindLiveObjects: 0.233400 ms CreateObjectMapping: 0.117700 ms MarkObjects: 2.816300 ms  DeleteObjects: 0.018900 ms)

AssetImportParameters requested are different than current active one (requested -> active):
  custom:framework-win-MediaFoundation: 216162199b28c13a410421893ffa2e32 -> 
  custom:video-decoder-ogg-theora: a1e56fd34408186e4bbccfd4996cb3dc -> 
  custom:container-muxer-webm: aa71ff27fc2769a1b78a27578f13a17b -> 
  custom:container-demuxer-webm: 4f35f7cbe854078d1ac9338744f61a02 -> 
  custom:container-demuxer-ogg: 62fdf1f143b41e24485cea50d1cbac27 -> 
  custom:video-encoder-webm-vp8: eb34c28f22e8b96e1ab97ce403110664 -> 
  custom:video-decoder-webm-vp8: 9c59270c3fd7afecdb556c50c9e8de78 -> 
  custom:audio-decoder-ogg-vorbis: bf7c407c2cedff20999df2af8eb42d56 -> 
  custom:audio-encoder-webm-vorbis: bf7c407c2cedff20999df2af8eb42d56 -> 
========================================================================
Received Prepare
Registering precompiled user dll's ...
Registered in 0.098385 seconds.
Begin MonoManager ReloadAssembly
Native extension for WindowsStandalone target not found
Refreshing native plugins compatible for Editor in 0.56 ms, found 3 plugins.
Preloading 0 native plugins for Editor in 0.00 ms.
Mono: successfully reloaded assembly
- Completed reload, in  1.260 seconds
Domain Reload Profiling:
	ReloadAssembly (1261ms)
		BeginReloadAssembly (110ms)
			ExecutionOrderSort (0ms)
			DisableScriptedObjects (6ms)
			BackupInstance (0ms)
			ReleaseScriptingObjects (0ms)
			CreateAndSetChildDomain (30ms)
		EndReloadAssembly (1094ms)
			LoadAssemblies (364ms)
			RebuildTransferFunctionScriptingTraits (0ms)
			SetupTypeCache (283ms)
			ReleaseScriptCaches (1ms)
			RebuildScriptCaches (44ms)
			SetupLoadedEditorAssemblies (306ms)
				LogAssemblyErrors (0ms)
				InitializePlatformSupportModulesInManaged (4ms)
				SetLoadedEditorAssemblies (0ms)
				RefreshPlugins (1ms)
				BeforeProcessingInitializeOnLoad (78ms)
				ProcessInitializeOnLoadAttributes (201ms)
				ProcessInitializeOnLoadMethodAttributes (15ms)
				AfterProcessingInitializeOnLoad (7ms)
				EditorAssembliesLoaded (0ms)
			ExecutionOrderSort2 (0ms)
			AwakeInstancesAfterBackupRestoration (8ms)
Platform modules already initialized, skipping
Refreshing native plugins compatible for Editor in 1.84 ms, found 3 plugins.
Preloading 0 native plugins for Editor in 0.00 ms.
Unloading 2475 Unused Serialized files (Serialized files now loaded: 0)
System memory in use before: 112.0 MB.
System memory in use after: 112.3 MB.

Unloading 18 unused Assets to reduce memory usage. Loaded Objects now: 2975.
Total: 4.106700 ms (FindLiveObjects: 0.264400 ms CreateObjectMapping: 0.170600 ms MarkObjects: 3.649400 ms  DeleteObjects: 0.021100 ms)

AssetImportParameters requested are different than current active one (requested -> active):
  custom:framework-win-MediaFoundation: 216162199b28c13a410421893ffa2e32 -> 
  custom:video-decoder-ogg-theora: a1e56fd34408186e4bbccfd4996cb3dc -> 
  custom:container-muxer-webm: aa71ff27fc2769a1b78a27578f13a17b -> 
  custom:container-demuxer-webm: 4f35f7cbe854078d1ac9338744f61a02 -> 
  custom:container-demuxer-ogg: 62fdf1f143b41e24485cea50d1cbac27 -> 
  custom:video-encoder-webm-vp8: eb34c28f22e8b96e1ab97ce403110664 -> 
  custom:video-decoder-webm-vp8: 9c59270c3fd7afecdb556c50c9e8de78 -> 
  custom:audio-decoder-ogg-vorbis: bf7c407c2cedff20999df2af8eb42d56 -> 
  custom:audio-encoder-webm-vorbis: bf7c407c2cedff20999df2af8eb42d56 -> 
AssetImportWorkerClient::OnTransportError - code=2 error=End of file
